<?xml version="1.0" encoding="UTF-8"?>
<testng-results ignored="0" total="1" passed="1" failed="0" skipped="0">
  <reporter-output>
  </reporter-output>
  <suite started-at="2024-10-10T13:07:33 IST" name="Default suite" finished-at="2024-10-10T13:07:44 IST" duration-ms="11214">
    <groups>
    </groups>
    <test started-at="2024-10-10T13:07:33 IST" name="Default test" finished-at="2024-10-10T13:07:44 IST" duration-ms="11214">
      <class name="test.Base">
        <test-method is-config="true" signature="setup()[pri:0, instance:test.Base@367ffa75]" started-at="2024-10-10T13:07:33 IST" name="setup" finished-at="2024-10-10T13:07:37 IST" duration-ms="4172" status="PASS">
          <reporter-output>
          </reporter-output>
        </test-method> <!-- setup -->
        <test-method signature="baseTest()[pri:0, instance:test.Base@367ffa75]" started-at="2024-10-10T13:07:37 IST" name="baseTest" finished-at="2024-10-10T13:07:44 IST" duration-ms="6973" status="PASS">
          <reporter-output>
          </reporter-output>
        </test-method> <!-- baseTest -->
      </class> <!-- test.Base -->
    </test> <!-- Default test -->
  </suite> <!-- Default suite -->
</testng-results>
